<?xml version="1.0" encoding="UTF-8"?>
<testsuite name="io.turntabl.NumbersTest" tests="6" skipped="0" failures="0" errors="0" timestamp="2021-11-03T17:13:02" hostname="DESKTOP-DCTDB0E" time="0.023">
  <properties/>
  <testcase name="testGreaterThanAThousand()" classname="io.turntabl.NumbersTest" time="0.017"/>
  <testcase name="testAThousand()" classname="io.turntabl.NumbersTest" time="0.001"/>
  <testcase name="testZero()" classname="io.turntabl.NumbersTest" time="0.001"/>
  <testcase name="testLessThanZero()" classname="io.turntabl.NumbersTest" time="0.001"/>
  <testcase name="testGreaterThanZero()" classname="io.turntabl.NumbersTest" time="0.001"/>
  <testcase name="testLessThanAThousand()" classname="io.turntabl.NumbersTest" time="0.001"/>
  <system-out><![CDATA[]]></system-out>
  <system-err><![CDATA[]]></system-err>
</testsuite>
