<?xml version="1.0" encoding="UTF-8"?>
<testsuite name="io.turntabl.NumbersTest" tests="1" skipped="0" failures="0" errors="0" timestamp="2021-11-03T17:39:24" hostname="DESKTOP-DCTDB0E" time="0.014">
  <properties/>
  <testcase name="testZero()" classname="io.turntabl.NumbersTest" time="0.014"/>
  <system-out><![CDATA[]]></system-out>
  <system-err><![CDATA[]]></system-err>
</testsuite>
